-------------------------------------------------
Sep 13 2018 14:56:43
Shader compilation error, index :2
Shader info log for GL index 2:
ERROR: 0:2: Use of undeclared identifier 'surface_color'

-------------------------------------------------
Sep 13 2018 14:56:43
-------------------------------------------------
Sep 13 2018 14:56:43
-------------------------------------------------
Sep 13 2018 14:56:43
-------------------------------------------------
Sep 13 2018 14:56:43
-------------------------------------------------
Sep 13 2018 15:15:15
-------------------------------------------------
Sep 13 2018 15:15:15
-------------------------------------------------
Sep 13 2018 15:15:15
-------------------------------------------------
Sep 13 2018 15:33:56
-------------------------------------------------
Sep 13 2018 15:33:56
-------------------------------------------------
Sep 13 2018 15:33:56
-------------------------------------------------
Sep 13 2018 15:33:56
-------------------------------------------------
Sep 13 2018 15:33:56
-------------------------------------------------
Sep 13 2018 15:33:56
-------------------------------------------------
Sep 13 2018 15:33:56
-------------------------------------------------
Sep 13 2018 16:21:47
-------------------------------------------------
Sep 13 2018 16:21:47
-------------------------------------------------
Sep 13 2018 16:21:47
-------------------------------------------------
Sep 13 2018 16:21:47
-------------------------------------------------
Sep 13 2018 16:21:47
-------------------------------------------------
Sep 13 2018 16:21:47
-------------------------------------------------
Sep 13 2018 16:21:47
-------------------------------------------------
Sep 13 2018 16:21:47
-------------------------------------------------
Sep 13 2018 16:21:47
-------------------------------------------------
Sep 13 2018 16:21:47
-------------------------------------------------
Sep 13 2018 16:21:47
-------------------------------------------------
Sep 13 2018 16:21:47
-------------------------------------------------
Sep 13 2018 16:21:47
